\BOOKMARK [1][-]{section*.1}{A\040phylogenetic\040model\040for\040the\040recruitment\040of\040species\040into\040microbial\040communities\040and\040application\040to\040studies\040of\040the\040human\040microbiome}{}% 1
\BOOKMARK [1][-]{section*.2}{Abstract}{}% 2
\BOOKMARK [1][-]{section*.3}{Introduction}{}% 3
\BOOKMARK [1][-]{section*.4}{Materials\040and\040Methods}{}% 4
\BOOKMARK [2][-]{section*.5}{Overview}{section*.4}% 5
\BOOKMARK [2][-]{section*.6}{Statistical\040Model}{section*.4}% 6
\BOOKMARK [2][-]{section*.7}{Simulations}{section*.4}% 7
\BOOKMARK [2][-]{section*.8}{Parameter\040Estimation}{section*.4}% 8
\BOOKMARK [2][-]{section*.9}{Hypothesis\040Testing}{section*.4}% 9
\BOOKMARK [2][-]{section*.10}{Analysis}{section*.4}% 10
\BOOKMARK [2][-]{section*.11}{Code\040and\040Data}{section*.4}% 11
\BOOKMARK [1][-]{section*.12}{Results}{}% 12
\BOOKMARK [2][-]{section*.13}{Results from “moving pictures” data}{section*.12}% 13
\BOOKMARK [2][-]{section*.14}{Results\040from\040infant\040gut\040data}{section*.12}% 14
\BOOKMARK [1][-]{section*.15}{Discussion}{}% 15
\BOOKMARK [1][-]{section*.16}{Acknowledgements}{}% 16
\BOOKMARK [1][-]{section*.17}{Conflict\040of\040Interest}{}% 17
\BOOKMARK [1][-]{section*.18}{Figures}{}% 18
\BOOKMARK [2][-]{section*.19}{Fig.\0401}{section*.18}% 19
\BOOKMARK [2][-]{section*.20}{Fig.\0402}{section*.18}% 20
\BOOKMARK [2][-]{section*.21}{Fig.\0403}{section*.18}% 21
\BOOKMARK [2][-]{section*.22}{Fig.\0404}{section*.18}% 22
\BOOKMARK [1][-]{section*.24}{Supplementary\040Material}{}% 23
\BOOKMARK [2][-]{section*.25}{Fig.\040S1}{section*.24}% 24
\BOOKMARK [2][-]{section*.26}{Fig.\040S2}{section*.24}% 25
\BOOKMARK [2][-]{section*.27}{Fig.\040S3}{section*.24}% 26
\BOOKMARK [2][-]{section*.28}{Fig.\040S4}{section*.24}% 27
\BOOKMARK [2][-]{section*.29}{Fig.\040S5}{section*.24}% 28
